

times in msec
 clock   self+sourced   self:  sourced script
 clock   elapsed:              other lines

000.017  000.017: --- NVIM STARTING ---
000.461  000.445: locale set
000.955  000.494: inits 1
000.974  000.019: window checked
006.999  006.025: parsing arguments
007.227  000.228: expanding arguments
007.274  000.047: inits 2
008.064  000.790: init highlight
008.067  000.003: waiting for UI
009.308  001.241: done waiting for UI
009.334  000.026: init screen for UI
009.370  000.037: init default mappings
009.507  000.137: init default autocommands
009.605  000.022  000.022: sourcing /usr/share/nvim/archlinux.vim
009.612  000.060  000.039: sourcing /etc/xdg/nvim/sysinit.vim
013.643  002.811  002.811: sourcing /home/prateek/.local/share/nvim/site/autoload/plug.vim
023.731  000.017  000.017: sourcing /home/prateek/.config/nvim/plugged/nvim-treesitter/ftdetect/elixir.vim
023.751  000.007  000.007: sourcing /home/prateek/.config/nvim/plugged/nvim-treesitter/ftdetect/fennel.vim
023.764  000.008  000.008: sourcing /home/prateek/.config/nvim/plugged/nvim-treesitter/ftdetect/fish.vim
023.778  000.006  000.006: sourcing /home/prateek/.config/nvim/plugged/nvim-treesitter/ftdetect/fusion.vim
023.795  000.011  000.011: sourcing /home/prateek/.config/nvim/plugged/nvim-treesitter/ftdetect/gdresource.vim
023.811  000.007  000.007: sourcing /home/prateek/.config/nvim/plugged/nvim-treesitter/ftdetect/gdscript.vim
023.826  000.008  000.008: sourcing /home/prateek/.config/nvim/plugged/nvim-treesitter/ftdetect/glimmer.vim
023.853  000.020  000.020: sourcing /home/prateek/.config/nvim/plugged/nvim-treesitter/ftdetect/glsl.vim
023.868  000.007  000.007: sourcing /home/prateek/.config/nvim/plugged/nvim-treesitter/ftdetect/gomod.vim
023.884  000.006  000.006: sourcing /home/prateek/.config/nvim/plugged/nvim-treesitter/ftdetect/gowork.vim
023.902  000.011  000.011: sourcing /home/prateek/.config/nvim/plugged/nvim-treesitter/ftdetect/graphql.vim
023.924  000.009  000.009: sourcing /home/prateek/.config/nvim/plugged/nvim-treesitter/ftdetect/hcl.vim
023.935  000.004  000.004: sourcing /home/prateek/.config/nvim/plugged/nvim-treesitter/ftdetect/heex.vim
023.948  000.006  000.006: sourcing /home/prateek/.config/nvim/plugged/nvim-treesitter/ftdetect/hjson.vim
023.963  000.006  000.006: sourcing /home/prateek/.config/nvim/plugged/nvim-treesitter/ftdetect/json5.vim
023.979  000.007  000.007: sourcing /home/prateek/.config/nvim/plugged/nvim-treesitter/ftdetect/julia.vim
024.001  000.012  000.012: sourcing /home/prateek/.config/nvim/plugged/nvim-treesitter/ftdetect/ledger.vim
024.015  000.007  000.007: sourcing /home/prateek/.config/nvim/plugged/nvim-treesitter/ftdetect/nix.vim
024.030  000.007  000.007: sourcing /home/prateek/.config/nvim/plugged/nvim-treesitter/ftdetect/prisma.vim
024.045  000.007  000.007: sourcing /home/prateek/.config/nvim/plugged/nvim-treesitter/ftdetect/pug.vim
024.061  000.009  000.009: sourcing /home/prateek/.config/nvim/plugged/nvim-treesitter/ftdetect/ql.vim
024.088  000.017  000.017: sourcing /home/prateek/.config/nvim/plugged/nvim-treesitter/ftdetect/query.vim
024.105  000.008  000.008: sourcing /home/prateek/.config/nvim/plugged/nvim-treesitter/ftdetect/surface.vim
024.119  000.006  000.006: sourcing /home/prateek/.config/nvim/plugged/nvim-treesitter/ftdetect/teal.vim
024.134  000.008  000.008: sourcing /home/prateek/.config/nvim/plugged/nvim-treesitter/ftdetect/tlaplus.vim
024.152  000.009  000.009: sourcing /home/prateek/.config/nvim/plugged/nvim-treesitter/ftdetect/yang.vim
024.168  000.008  000.008: sourcing /home/prateek/.config/nvim/plugged/nvim-treesitter/ftdetect/zig.vim
024.243  000.005  000.005: sourcing /home/prateek/.config/nvim/plugged/vim-fugitive/ftdetect/fugitive.vim
024.317  000.006  000.006: sourcing /usr/share/vim/vimfiles/ftdetect/PKGBUILD.vim
024.494  004.820  004.570: sourcing /usr/share/nvim/runtime/filetype.vim
024.590  000.019  000.019: sourcing /usr/share/nvim/runtime/ftplugin.vim
024.680  000.014  000.014: sourcing /usr/share/nvim/runtime/indent.vim
024.829  000.045  000.045: sourcing /usr/share/nvim/runtime/syntax/synload.vim
024.896  000.187  000.143: sourcing /usr/share/nvim/runtime/syntax/syntax.vim
040.073  000.008  000.008: sourcing /home/prateek/.config/nvim/plugged/gruvbuddy.nvim/colors/gruvbuddy.vim
060.163  000.026  000.026: sourcing /home/prateek/.config/nvim/renamer/plugin/renamer.lua
060.247  000.012  000.012: sourcing /usr/share/nvim/runtime/filetype.vim
060.325  000.004  000.004: sourcing /usr/share/nvim/runtime/filetype.vim
060.402  000.004  000.004: sourcing /usr/share/nvim/runtime/indent.vim
060.475  000.004  000.004: sourcing /usr/share/nvim/runtime/filetype.vim
060.551  000.004  000.004: sourcing /usr/share/nvim/runtime/ftplugin.vim
060.623  000.003  000.003: sourcing /usr/share/nvim/runtime/indent.vim
060.641  050.998  043.082: sourcing /home/prateek/.config/nvim/init.lua
060.644  000.079: sourcing vimrc file(s)
060.807  000.018  000.018: sourcing /home/prateek/.config/nvim/plugin/airline.vim
060.847  000.034  000.034: sourcing /home/prateek/.config/nvim/plugin/dashboardconf.vim
060.936  000.083  000.083: sourcing /home/prateek/.config/nvim/plugin/keymaps.vim
061.003  000.037  000.037: sourcing /home/prateek/.config/nvim/plugged/nvim-lspconfig/plugin/lspconfig.vim
061.044  000.010  000.010: sourcing /home/prateek/.config/nvim/plugged/nvim-jdtls/plugin/nvim_jdtls.vim
061.261  000.191  000.191: sourcing /home/prateek/.config/nvim/plugged/auto-pairs/plugin/auto-pairs.vim
061.699  000.383  000.383: sourcing /home/prateek/.config/nvim/plugged/dashboard-nvim/plugin/dashboard.vim
061.816  000.077  000.077: sourcing /home/prateek/.config/nvim/plugged/undotree/plugin/undotree.vim
061.883  000.021  000.021: sourcing /home/prateek/.config/nvim/plugged/plenary.nvim/plugin/plenary.vim
062.031  000.109  000.109: sourcing /home/prateek/.config/nvim/plugged/telescope.nvim/plugin/telescope.vim
062.608  000.523  000.523: sourcing /home/prateek/.config/nvim/plugged/nvim-treesitter/plugin/nvim-treesitter.vim
062.691  000.039  000.039: sourcing /home/prateek/.config/nvim/plugged/nvim-web-devicons/plugin/nvim-web-devicons.vim
062.871  000.116  000.116: sourcing /home/prateek/.config/nvim/plugged/playground/plugin/nvim-treesitter-playground.vim
063.338  000.382  000.382: sourcing /home/prateek/.config/nvim/plugged/vim-vsnip/plugin/vsnip.vim
064.044  000.674  000.674: sourcing /home/prateek/.config/nvim/plugged/vim-fugitive/plugin/fugitive.vim
064.130  000.045  000.045: sourcing /home/prateek/.config/nvim/plugged/trouble.nvim/plugin/trouble.vim
064.953  000.014  000.014: sourcing /home/prateek/.config/nvim/plugged/indent-blankline.nvim/autoload/indent_blankline.vim
065.103  000.929  000.916: sourcing /home/prateek/.config/nvim/plugged/indent-blankline.nvim/plugin/indent_blankline.vim
065.155  000.014  000.014: sourcing /home/prateek/.config/nvim/plugged/nightfox.nvim/plugin/nightfox.vim
065.269  000.085  000.085: sourcing /home/prateek/.config/nvim/plugged/express_line.nvim/plugin/express_line.vim
065.586  000.165  000.165: sourcing /usr/share/nvim/runtime/plugin/gzip.vim
065.599  000.006  000.006: sourcing /usr/share/nvim/runtime/plugin/health.vim
065.644  000.039  000.039: sourcing /usr/share/nvim/runtime/plugin/man.vim
065.977  000.115  000.115: sourcing /usr/share/nvim/runtime/pack/dist/opt/matchit/plugin/matchit.vim
066.025  000.375  000.260: sourcing /usr/share/nvim/runtime/plugin/matchit.vim
066.114  000.083  000.083: sourcing /usr/share/nvim/runtime/plugin/matchparen.vim
066.131  000.009  000.009: sourcing /usr/share/nvim/runtime/plugin/netrwPlugin.vim
066.701  000.097  000.097: sourcing /usr/share/nvim/runtime/autoload/remote/host.vim
066.892  000.081  000.081: sourcing /usr/share/nvim/runtime/autoload/remote/define.vim
066.938  000.736  000.558: sourcing /home/prateek/.local/share/nvim/rplugin.vim
066.941  000.804  000.069: sourcing /usr/share/nvim/runtime/plugin/rplugin.vim
067.024  000.077  000.077: sourcing /usr/share/nvim/runtime/plugin/shada.vim
067.056  000.013  000.013: sourcing /usr/share/nvim/runtime/plugin/spellfile.vim
067.147  000.084  000.084: sourcing /usr/share/nvim/runtime/plugin/tarPlugin.vim
067.215  000.042  000.042: sourcing /usr/share/nvim/runtime/plugin/tohtml.vim
067.233  000.010  000.010: sourcing /usr/share/nvim/runtime/plugin/tutor.vim
067.335  000.095  000.095: sourcing /usr/share/nvim/runtime/plugin/zipPlugin.vim
071.301  003.905  003.905: sourcing /home/prateek/.config/nvim/plugin/cmp.lua
071.568  000.037  000.037: sourcing /home/prateek/.config/nvim/plugged/nvim-tree.lua/plugin/nvim-tree-startup.lua
072.062  000.440  000.440: sourcing /home/prateek/.config/nvim/plugged/nvim-cmp/plugin/cmp.lua
072.314  001.714: loading rtp plugins
072.398  000.084: loading packages
072.503  000.043  000.043: sourcing /home/prateek/.config/nvim/plugged/vim/autoload/dracula.vim
072.514  000.088  000.045: sourcing /home/prateek/.config/nvim/plugged/vim/after/plugin/dracula.vim
072.719  000.111  000.111: sourcing /home/prateek/.config/nvim/plugged/cmp-vsnip/after/plugin/cmp_vsnip.vim
072.844  000.069  000.069: sourcing /home/prateek/.config/nvim/plugged/cmp-nvim-lsp/after/plugin/cmp_nvim_lsp.lua
073.166  000.296  000.296: sourcing /home/prateek/.config/nvim/plugged/cmp-buffer/after/plugin/cmp_buffer.lua
073.338  000.145  000.145: sourcing /home/prateek/.config/nvim/plugged/cmp-path/after/plugin/cmp_path.lua
073.479  000.111  000.111: sourcing /home/prateek/.config/nvim/plugged/cmp-cmdline/after/plugin/cmp_cmdline.lua
073.496  000.276: loading after plugins
073.502  000.006: inits 3
074.971  001.469: reading ShaDa
075.166  000.195: opening buffers
075.771  000.605: BufEnter autocommands
075.773  000.002: editing files in windows
077.529  000.077  000.077: sourcing /home/prateek/.config/nvim/plugged/dashboard-nvim/autoload/dashboard.vim
077.746  000.013  000.013: sourcing /home/prateek/.config/nvim/plugged/dashboard-nvim/autoload/dashboard/utils.vim
077.937  000.069  000.069: sourcing /home/prateek/.config/nvim/plugged/dashboard-nvim/autoload/dashboard/section.vim
078.584  000.246  000.246: sourcing /usr/share/nvim/runtime/autoload/provider/clipboard.vim
079.937  000.040  000.040: sourcing /home/prateek/.config/nvim/plugged/dashboard-nvim/syntax/dashboard.vim
081.765  005.547: VimEnter autocommands
081.767  000.002: UIEnter autocommands
081.769  000.002: before starting main loop
082.262  000.172  000.172: sourcing /home/prateek/.config/nvim/plugged/vim-vsnip/autoload/vital/vsnip.vim
082.423  000.039  000.039: sourcing /home/prateek/.config/nvim/plugged/vim-vsnip/autoload/vital/_vsnip/VS/LSP/Position.vim
082.497  000.011  000.011: sourcing /home/prateek/.config/nvim/plugged/vim-vsnip/autoload/vital/_vsnip.vim
082.720  000.688  000.465: sourcing /home/prateek/.config/nvim/plugged/vim-vsnip/autoload/vsnip/snippet.vim
082.940  000.102  000.102: sourcing /home/prateek/.config/nvim/plugged/vim-vsnip/autoload/vital/_vsnip/VS/LSP/TextEdit.vim
083.153  000.033  000.033: sourcing /home/prateek/.config/nvim/plugged/vim-vsnip/autoload/vital/_vsnip/VS/LSP/Text.vim
083.441  000.069  000.069: sourcing /home/prateek/.config/nvim/plugged/vim-vsnip/autoload/vital/_vsnip/VS/Vim/Buffer.vim
083.652  000.030  000.030: sourcing /home/prateek/.config/nvim/plugged/vim-vsnip/autoload/vital/_vsnip/VS/Vim/Option.vim
083.966  000.086  000.086: sourcing /home/prateek/.config/nvim/plugged/vim-vsnip/autoload/vital/_vsnip/VS/LSP/Diff.vim
084.083  002.107  001.100: sourcing /home/prateek/.config/nvim/plugged/vim-vsnip/autoload/vsnip/session.vim
084.203  002.288  000.181: sourcing /home/prateek/.config/nvim/plugged/vim-vsnip/autoload/vsnip.vim
087.667  003.610: first screen update
087.669  000.002: --- NVIM STARTED ---
